Random Seed = 224
57 71 82 87
Reading cmse2.txt
Reading in 50x50 array
Done with Generation 0 with best=5607 fitness=292
Done with Generation 1 with best=5219 fitness=291
Done with Generation 2 with best=3194 fitness=289
Done with Generation 3 with best=5362 fitness=288
Done with Generation 4 with best=6614 fitness=287
Done with Generation 5 with best=6614 fitness=287
Done with Generation 6 with best=5929 fitness=286
Done with Generation 7 with best=5929 fitness=286
Done with Generation 8 with best=5929 fitness=286
Done with Generation 9 with best=5929 fitness=286
Done with Generation 10 with best=5235 fitness=285
Done with Generation 11 with best=6138 fitness=284
Done with Generation 12 with best=6138 fitness=284
Done with Generation 13 with best=6138 fitness=284
Done with Generation 14 with best=6138 fitness=284
Done with Generation 15 with best=6138 fitness=284
Done with Generation 16 with best=6138 fitness=284
Done with Generation 17 with best=6138 fitness=284
Done with Generation 18 with best=6138 fitness=284
Done with Generation 19 with best=6138 fitness=284
Done with Generation 20 with best=6138 fitness=284
Done with Generation 21 with best=6138 fitness=284
Done with Generation 22 with best=6138 fitness=284
Done with Generation 23 with best=6138 fitness=284
Done with Generation 24 with best=6138 fitness=284
Done with Generation 25 with best=6138 fitness=284
Done with Generation 26 with best=6138 fitness=284
Done with Generation 27 with best=6138 fitness=284
Done with Generation 28 with best=6138 fitness=284
Done with Generation 29 with best=6138 fitness=284
Done with Generation 30 with best=6138 fitness=284
Done with Generation 31 with best=6138 fitness=284
Done with Generation 32 with best=6138 fitness=284
Done with Generation 33 with best=6138 fitness=284
Done with Generation 34 with best=6138 fitness=284
Done with Generation 35 with best=6138 fitness=284
Done with Generation 36 with best=6138 fitness=284
Done with Generation 37 with best=6138 fitness=284
Done with Generation 38 with best=6138 fitness=284
Done with Generation 39 with best=6138 fitness=284
Done with Generation 40 with best=6138 fitness=284
Done with Generation 41 with best=6138 fitness=284
Done with Generation 42 with best=6138 fitness=284
Done with Generation 43 with best=6138 fitness=284
Done with Generation 44 with best=6138 fitness=284
Done with Generation 45 with best=6138 fitness=284
Done with Generation 46 with best=6138 fitness=284
Done with Generation 47 with best=6138 fitness=284
Done with Generation 48 with best=6138 fitness=284
Done with Generation 49 with best=6138 fitness=284
Done with Generation 50 with best=6138 fitness=284
Done with Generation 51 with best=6138 fitness=284
Done with Generation 52 with best=5487 fitness=283
Done with Generation 53 with best=5487 fitness=283
Done with Generation 54 with best=5487 fitness=283
Done with Generation 55 with best=5487 fitness=283
Done with Generation 56 with best=5487 fitness=283
Done with Generation 57 with best=5487 fitness=283
Done with Generation 58 with best=5487 fitness=283
Done with Generation 59 with best=5487 fitness=283
Done with Generation 60 with best=5487 fitness=283
Done with Generation 61 with best=5487 fitness=283
Done with Generation 62 with best=5487 fitness=283
Done with Generation 63 with best=5487 fitness=283
Done with Generation 64 with best=5487 fitness=283
Done with Generation 65 with best=5487 fitness=283
Done with Generation 66 with best=5487 fitness=283
Done with Generation 67 with best=5487 fitness=283
Done with Generation 68 with best=5487 fitness=283
Done with Generation 69 with best=5487 fitness=283
Done with Generation 70 with best=5487 fitness=283
Done with Generation 71 with best=5487 fitness=283
Done with Generation 72 with best=5487 fitness=283
Done with Generation 73 with best=5487 fitness=283
Done with Generation 74 with best=5487 fitness=283
Done with Generation 75 with best=5487 fitness=283
Done with Generation 76 with best=5487 fitness=283
Done with Generation 77 with best=5487 fitness=283
Done with Generation 78 with best=5487 fitness=283
Done with Generation 79 with best=5487 fitness=283
Done with Generation 80 with best=5487 fitness=283
Done with Generation 81 with best=5487 fitness=283
Done with Generation 82 with best=5487 fitness=283
Done with Generation 83 with best=5487 fitness=283
Done with Generation 84 with best=5548 fitness=282
Done with Generation 85 with best=5548 fitness=282
Done with Generation 86 with best=5548 fitness=282
Done with Generation 87 with best=5548 fitness=282
Done with Generation 88 with best=5548 fitness=282
Done with Generation 89 with best=5548 fitness=282
Done with Generation 90 with best=5548 fitness=282
Done with Generation 91 with best=5548 fitness=282
Done with Generation 92 with best=5548 fitness=282
Done with Generation 93 with best=5548 fitness=282
Done with Generation 94 with best=5548 fitness=282
Done with Generation 95 with best=5548 fitness=282
Done with Generation 96 with best=5548 fitness=282
Done with Generation 97 with best=5548 fitness=282
Done with Generation 98 with best=5548 fitness=282
Done with Generation 99 with best=5548 fitness=282
Done with Generation 100 with best=5548 fitness=282
Done with Generation 101 with best=5548 fitness=282
Done with Generation 102 with best=5548 fitness=282
Done with Generation 103 with best=5548 fitness=282
Done with Generation 104 with best=5548 fitness=282
Done with Generation 105 with best=5548 fitness=282
Done with Generation 106 with best=5548 fitness=282
Done with Generation 107 with best=5548 fitness=282
Done with Generation 108 with best=5548 fitness=282
Done with Generation 109 with best=5548 fitness=282
Done with Generation 110 with best=5548 fitness=282
Done with Generation 111 with best=5548 fitness=282
Done with Generation 112 with best=5548 fitness=282
Done with Generation 113 with best=5548 fitness=282
Done with Generation 114 with best=5548 fitness=282
Done with Generation 115 with best=5548 fitness=282
Done with Generation 116 with best=5536 fitness=281
Done with Generation 117 with best=5536 fitness=281
Done with Generation 118 with best=5536 fitness=281
Done with Generation 119 with best=5536 fitness=281
Done with Generation 120 with best=5536 fitness=281
Done with Generation 121 with best=5536 fitness=281
Done with Generation 122 with best=5536 fitness=281
Done with Generation 123 with best=5536 fitness=281
Done with Generation 124 with best=5536 fitness=281
Done with Generation 125 with best=5536 fitness=281
Done with Generation 126 with best=5536 fitness=281
Done with Generation 127 with best=5536 fitness=281
Done with Generation 128 with best=5536 fitness=281
Done with Generation 129 with best=5536 fitness=281
Done with Generation 130 with best=5536 fitness=281
Done with Generation 131 with best=5536 fitness=281
Done with Generation 132 with best=5536 fitness=281
Done with Generation 133 with best=5536 fitness=281
Done with Generation 134 with best=5536 fitness=281
Done with Generation 135 with best=5536 fitness=281
Done with Generation 136 with best=5536 fitness=281
Done with Generation 137 with best=5536 fitness=281
Done with Generation 138 with best=5536 fitness=281
Done with Generation 139 with best=5536 fitness=281
Done with Generation 140 with best=5536 fitness=281
Done with Generation 141 with best=5536 fitness=281
Done with Generation 142 with best=5536 fitness=281
Done with Generation 143 with best=5536 fitness=281
Done with Generation 144 with best=5536 fitness=281
Done with Generation 145 with best=5536 fitness=281
Done with Generation 146 with best=5536 fitness=281
Done with Generation 147 with best=5536 fitness=281
Done with Generation 148 with best=5536 fitness=281
Done with Generation 149 with best=5536 fitness=281
Done with Generation 150 with best=5536 fitness=281
Done with Generation 151 with best=5536 fitness=281
Done with Generation 152 with best=5536 fitness=281
Done with Generation 153 with best=5536 fitness=281
Done with Generation 154 with best=5536 fitness=281
Done with Generation 155 with best=5536 fitness=281
Done with Generation 156 with best=5536 fitness=281
Done with Generation 157 with best=5536 fitness=281
Done with Generation 158 with best=5536 fitness=281
Done with Generation 159 with best=5536 fitness=281
Done with Generation 160 with best=5536 fitness=281
Done with Generation 161 with best=5536 fitness=281
Done with Generation 162 with best=5536 fitness=281
Done with Generation 163 with best=5536 fitness=281
Done with Generation 164 with best=5536 fitness=281
Done with Generation 165 with best=5536 fitness=281
Done with Generation 166 with best=5536 fitness=281
Done with Generation 167 with best=5536 fitness=281
Done with Generation 168 with best=5536 fitness=281
Done with Generation 169 with best=5536 fitness=281
Done with Generation 170 with best=5536 fitness=281
Done with Generation 171 with best=5536 fitness=281
Done with Generation 172 with best=5536 fitness=281
Done with Generation 173 with best=5536 fitness=281
Done with Generation 174 with best=5536 fitness=281
Done with Generation 175 with best=5536 fitness=281
Done with Generation 176 with best=5536 fitness=281
Done with Generation 177 with best=5536 fitness=281
Done with Generation 178 with best=5536 fitness=281
Done with Generation 179 with best=5536 fitness=281
Done with Generation 180 with best=5536 fitness=281
Done with Generation 181 with best=5536 fitness=281
Done with Generation 182 with best=5536 fitness=281
Done with Generation 183 with best=5536 fitness=281
Done with Generation 184 with best=5536 fitness=281
Done with Generation 185 with best=5536 fitness=281
Done with Generation 186 with best=5536 fitness=281
Done with Generation 187 with best=5536 fitness=281
Done with Generation 188 with best=5536 fitness=281
Done with Generation 189 with best=5536 fitness=281
Done with Generation 190 with best=5536 fitness=281
Done with Generation 191 with best=5536 fitness=281
Done with Generation 192 with best=5536 fitness=281
Done with Generation 193 with best=5536 fitness=281
Done with Generation 194 with best=5536 fitness=281
Done with Generation 195 with best=5536 fitness=281
Done with Generation 196 with best=5536 fitness=281
Done with Generation 197 with best=5536 fitness=281
Done with Generation 198 with best=5536 fitness=281
Done with Generation 199 with best=5536 fitness=281
Done with Generation 200 with best=5536 fitness=281
Done with Generation 201 with best=5536 fitness=281
Done with Generation 202 with best=5536 fitness=281
Done with Generation 203 with best=5536 fitness=281
Done with Generation 204 with best=5536 fitness=281
Done with Generation 205 with best=5536 fitness=281
Done with Generation 206 with best=5536 fitness=281
Done with Generation 207 with best=5536 fitness=281
Done with Generation 208 with best=5536 fitness=281
Done with Generation 209 with best=5536 fitness=281
Done with Generation 210 with best=5536 fitness=281
Done with Generation 211 with best=5536 fitness=281
Done with Generation 212 with best=5536 fitness=281
Done with Generation 213 with best=5536 fitness=281
Done with Generation 214 with best=5536 fitness=281
Done with Generation 215 with best=5536 fitness=281
Done with Generation 216 with best=5536 fitness=281
Done with Generation 217 with best=5536 fitness=281
Done with Generation 218 with best=5536 fitness=281
Done with Generation 219 with best=5536 fitness=281
Done with Generation 220 with best=5536 fitness=281
Done with Generation 221 with best=5536 fitness=281
Done with Generation 222 with best=5536 fitness=281
Done with Generation 223 with best=5536 fitness=281
Done with Generation 224 with best=5536 fitness=281
Done with Generation 225 with best=5536 fitness=281
Done with Generation 226 with best=5536 fitness=281
Done with Generation 227 with best=5536 fitness=281
Done with Generation 228 with best=5536 fitness=281
Done with Generation 229 with best=5536 fitness=281
Done with Generation 230 with best=5536 fitness=281
Done with Generation 231 with best=5536 fitness=281
Done with Generation 232 with best=5536 fitness=281
Done with Generation 233 with best=5536 fitness=281
Done with Generation 234 with best=5536 fitness=281
Done with Generation 235 with best=5536 fitness=281
Done with Generation 236 with best=5536 fitness=281
Done with Generation 237 with best=5536 fitness=281
Done with Generation 238 with best=5536 fitness=281
Done with Generation 239 with best=5536 fitness=281
Done with Generation 240 with best=5536 fitness=281
Done with Generation 241 with best=5536 fitness=281
Done with Generation 242 with best=5536 fitness=281
Done with Generation 243 with best=5536 fitness=281
Done with Generation 244 with best=5536 fitness=281
Done with Generation 245 with best=5536 fitness=281
Done with Generation 246 with best=5536 fitness=281
Done with Generation 247 with best=5536 fitness=281
Done with Generation 248 with best=5536 fitness=281
Done with Generation 249 with best=5536 fitness=281
Done with Generation 250 with best=5536 fitness=281
Done with Generation 251 with best=5536 fitness=281
Done with Generation 252 with best=5536 fitness=281
Done with Generation 253 with best=5536 fitness=281
Done with Generation 254 with best=5536 fitness=281
Done with Generation 255 with best=5536 fitness=281
Done with Generation 256 with best=5536 fitness=281
Done with Generation 257 with best=5536 fitness=281
Done with Generation 258 with best=5536 fitness=281
Done with Generation 259 with best=5536 fitness=281
Done with Generation 260 with best=5536 fitness=281
Done with Generation 261 with best=5536 fitness=281
Done with Generation 262 with best=5536 fitness=281
Done with Generation 263 with best=5536 fitness=281
Done with Generation 264 with best=5536 fitness=281
Done with Generation 265 with best=5536 fitness=281
Done with Generation 266 with best=5536 fitness=281
Done with Generation 267 with best=5536 fitness=281
Done with Generation 268 with best=5536 fitness=281
Done with Generation 269 with best=5536 fitness=281
Done with Generation 270 with best=5536 fitness=281
Done with Generation 271 with best=5536 fitness=281
Done with Generation 272 with best=5536 fitness=281
Done with Generation 273 with best=5536 fitness=281
Done with Generation 274 with best=5536 fitness=281
Done with Generation 275 with best=5536 fitness=281
Done with Generation 276 with best=5536 fitness=281
Done with Generation 277 with best=5536 fitness=281
Done with Generation 278 with best=5536 fitness=281
Done with Generation 279 with best=5536 fitness=281
Done with Generation 280 with best=5536 fitness=281
Done with Generation 281 with best=5536 fitness=281
Done with Generation 282 with best=5536 fitness=281
Done with Generation 283 with best=5536 fitness=281
Done with Generation 284 with best=5536 fitness=281
Done with Generation 285 with best=5536 fitness=281
Done with Generation 286 with best=5536 fitness=281
Done with Generation 287 with best=5536 fitness=281
Done with Generation 288 with best=5536 fitness=281
Done with Generation 289 with best=5536 fitness=281
Done with Generation 290 with best=5536 fitness=281
Done with Generation 291 with best=5536 fitness=281
Done with Generation 292 with best=5536 fitness=281
Done with Generation 293 with best=5536 fitness=281
Done with Generation 294 with best=5536 fitness=281
Done with Generation 295 with best=5536 fitness=281
Done with Generation 296 with best=5536 fitness=281
Done with Generation 297 with best=5536 fitness=281
Done with Generation 298 with best=5536 fitness=281
Done with Generation 299 with best=5536 fitness=281
Done with Generation 300 with best=5536 fitness=281
Done with Generation 301 with best=5536 fitness=281
Done with Generation 302 with best=5536 fitness=281
Done with Generation 303 with best=5536 fitness=281
Done with Generation 304 with best=5536 fitness=281
Done with Generation 305 with best=5536 fitness=281
Done with Generation 306 with best=5536 fitness=281
Done with Generation 307 with best=5536 fitness=281
Done with Generation 308 with best=5536 fitness=281
Done with Generation 309 with best=5536 fitness=281
Done with Generation 310 with best=5536 fitness=281
Done with Generation 311 with best=5536 fitness=281
Done with Generation 312 with best=5536 fitness=281
Done with Generation 313 with best=5536 fitness=281
Done with Generation 314 with best=5536 fitness=281
Done with Generation 315 with best=5536 fitness=281
Done with Generation 316 with best=5536 fitness=281
Done with Generation 317 with best=5536 fitness=281
Done with Generation 318 with best=5536 fitness=281
Done with Generation 319 with best=5536 fitness=281
Done with Generation 320 with best=5536 fitness=281
Done with Generation 321 with best=5536 fitness=281
Done with Generation 322 with best=5536 fitness=281
Done with Generation 323 with best=5536 fitness=281
Done with Generation 324 with best=5536 fitness=281
Done with Generation 325 with best=5536 fitness=281
Done with Generation 326 with best=5536 fitness=281
Done with Generation 327 with best=5536 fitness=281
Done with Generation 328 with best=5536 fitness=281
Done with Generation 329 with best=5536 fitness=281
Done with Generation 330 with best=5536 fitness=281
Done with Generation 331 with best=5536 fitness=281
Done with Generation 332 with best=5536 fitness=281
Done with Generation 333 with best=5536 fitness=281
Done with Generation 334 with best=5536 fitness=281
Done with Generation 335 with best=5536 fitness=281
Done with Generation 336 with best=5536 fitness=281
Done with Generation 337 with best=5536 fitness=281
Done with Generation 338 with best=5536 fitness=281
Done with Generation 339 with best=5536 fitness=281
Done with Generation 340 with best=5536 fitness=281
Done with Generation 341 with best=5536 fitness=281
Done with Generation 342 with best=5536 fitness=281
Done with Generation 343 with best=5536 fitness=281
Done with Generation 344 with best=5536 fitness=281
Done with Generation 345 with best=5536 fitness=281
Done with Generation 346 with best=5536 fitness=281
Done with Generation 347 with best=5536 fitness=281
Done with Generation 348 with best=5536 fitness=281
Done with Generation 349 with best=5536 fitness=281
Done with Generation 350 with best=5536 fitness=281
Done with Generation 351 with best=5536 fitness=281
Done with Generation 352 with best=5536 fitness=281
Done with Generation 353 with best=5536 fitness=281
Done with Generation 354 with best=5536 fitness=281
Done with Generation 355 with best=5536 fitness=281
Done with Generation 356 with best=5536 fitness=281
Done with Generation 357 with best=5536 fitness=281
Done with Generation 358 with best=5536 fitness=281
Done with Generation 359 with best=5536 fitness=281
Done with Generation 360 with best=5536 fitness=281
Done with Generation 361 with best=5536 fitness=281
Done with Generation 362 with best=5536 fitness=281
Done with Generation 363 with best=5536 fitness=281
Done with Generation 364 with best=5536 fitness=281
Done with Generation 365 with best=5536 fitness=281
Done with Generation 366 with best=5536 fitness=281
Done with Generation 367 with best=5536 fitness=281
Done with Generation 368 with best=5536 fitness=281
Done with Generation 369 with best=5536 fitness=281
Done with Generation 370 with best=5536 fitness=281
Done with Generation 371 with best=5536 fitness=281
Done with Generation 372 with best=5536 fitness=281
Done with Generation 373 with best=5536 fitness=281
Done with Generation 374 with best=5536 fitness=281
Done with Generation 375 with best=5536 fitness=281
Done with Generation 376 with best=5536 fitness=281
Done with Generation 377 with best=5536 fitness=281
Done with Generation 378 with best=5536 fitness=281
Done with Generation 379 with best=5536 fitness=281
Done with Generation 380 with best=5536 fitness=281
Done with Generation 381 with best=5536 fitness=281
Done with Generation 382 with best=5536 fitness=281
Done with Generation 383 with best=5536 fitness=281
Done with Generation 384 with best=5536 fitness=281
Done with Generation 385 with best=5536 fitness=281
Done with Generation 386 with best=5536 fitness=281
Done with Generation 387 with best=5536 fitness=281
Done with Generation 388 with best=5536 fitness=281
Done with Generation 389 with best=5536 fitness=281
Done with Generation 390 with best=5536 fitness=281
Done with Generation 391 with best=5536 fitness=281
Done with Generation 392 with best=5536 fitness=281
Done with Generation 393 with best=5536 fitness=281
Done with Generation 394 with best=5536 fitness=281
Done with Generation 395 with best=5536 fitness=281
Done with Generation 396 with best=5536 fitness=281
Done with Generation 397 with best=5536 fitness=281
Done with Generation 398 with best=5536 fitness=281
Done with Generation 399 with best=5536 fitness=281
Done with Generation 400 with best=5536 fitness=281
Done with Generation 401 with best=5536 fitness=281
Done with Generation 402 with best=5536 fitness=281
Done with Generation 403 with best=5536 fitness=281
Done with Generation 404 with best=5536 fitness=281
Done with Generation 405 with best=5536 fitness=281
Done with Generation 406 with best=5536 fitness=281
Done with Generation 407 with best=5536 fitness=281
Done with Generation 408 with best=5536 fitness=281
Done with Generation 409 with best=5536 fitness=281
Done with Generation 410 with best=5536 fitness=281
Done with Generation 411 with best=5536 fitness=281
Done with Generation 412 with best=5536 fitness=281
Done with Generation 413 with best=5536 fitness=281
Done with Generation 414 with best=5536 fitness=281
Done with Generation 415 with best=5536 fitness=281
Done with Generation 416 with best=5536 fitness=281
Done with Generation 417 with best=5536 fitness=281
Done with Generation 418 with best=5536 fitness=281
Done with Generation 419 with best=5536 fitness=281
Done with Generation 420 with best=5536 fitness=281
Done with Generation 421 with best=5536 fitness=281
Done with Generation 422 with best=5536 fitness=281
Done with Generation 423 with best=5536 fitness=281
Done with Generation 424 with best=5536 fitness=281
Done with Generation 425 with best=5536 fitness=281
Done with Generation 426 with best=5536 fitness=281
Done with Generation 427 with best=5536 fitness=281
Done with Generation 428 with best=5536 fitness=281
Done with Generation 429 with best=5536 fitness=281
Done with Generation 430 with best=5536 fitness=281
Done with Generation 431 with best=5536 fitness=281
Done with Generation 432 with best=5536 fitness=281
Done with Generation 433 with best=5536 fitness=281
Done with Generation 434 with best=5536 fitness=281
Done with Generation 435 with best=5536 fitness=281
Done with Generation 436 with best=5536 fitness=281
Done with Generation 437 with best=5536 fitness=281
Done with Generation 438 with best=5536 fitness=281
Done with Generation 439 with best=5536 fitness=281
Done with Generation 440 with best=5536 fitness=281
Done with Generation 441 with best=5536 fitness=281
Done with Generation 442 with best=5536 fitness=281
Done with Generation 443 with best=5536 fitness=281
Done with Generation 444 with best=5536 fitness=281
Done with Generation 445 with best=5536 fitness=281
Done with Generation 446 with best=5536 fitness=281
Done with Generation 447 with best=5536 fitness=281
Done with Generation 448 with best=5536 fitness=281
Done with Generation 449 with best=5536 fitness=281
Done with Generation 450 with best=5536 fitness=281
Done with Generation 451 with best=5536 fitness=281
Done with Generation 452 with best=5536 fitness=281
Done with Generation 453 with best=5536 fitness=281
Done with Generation 454 with best=5536 fitness=281
Done with Generation 455 with best=5536 fitness=281
Done with Generation 456 with best=5536 fitness=281
Done with Generation 457 with best=5536 fitness=281
Done with Generation 458 with best=5536 fitness=281
Done with Generation 459 with best=5536 fitness=281
Done with Generation 460 with best=1890 fitness=280
Done with Generation 461 with best=3942 fitness=278
Done with Generation 462 with best=3942 fitness=278
Done with Generation 463 with best=5819 fitness=276
Done with Generation 464 with best=5819 fitness=276
Done with Generation 465 with best=5819 fitness=276
Done with Generation 466 with best=5819 fitness=276
Done with Generation 467 with best=5819 fitness=276
Done with Generation 468 with best=5819 fitness=276
Done with Generation 469 with best=5819 fitness=276
Done with Generation 470 with best=5819 fitness=276
Done with Generation 471 with best=5819 fitness=276
Done with Generation 472 with best=5819 fitness=276
Done with Generation 473 with best=5819 fitness=276
Done with Generation 474 with best=5819 fitness=276
Done with Generation 475 with best=5819 fitness=276
Done with Generation 476 with best=5819 fitness=276
Done with Generation 477 with best=5819 fitness=276
Done with Generation 478 with best=5819 fitness=276
Done with Generation 479 with best=5819 fitness=276
Done with Generation 480 with best=5819 fitness=276
Done with Generation 481 with best=5819 fitness=276
Done with Generation 482 with best=5819 fitness=276
Done with Generation 483 with best=5819 fitness=276
Done with Generation 484 with best=5819 fitness=276
Done with Generation 485 with best=5819 fitness=276
Done with Generation 486 with best=5819 fitness=276
Done with Generation 487 with best=5819 fitness=276
Done with Generation 488 with best=5819 fitness=276
Done with Generation 489 with best=5819 fitness=276
Done with Generation 490 with best=5819 fitness=276
Done with Generation 491 with best=5819 fitness=276
Done with Generation 492 with best=5819 fitness=276
Done with Generation 493 with best=5819 fitness=276
Done with Generation 494 with best=5819 fitness=276
Done with Generation 495 with best=5819 fitness=276
Done with Generation 496 with best=5819 fitness=276
Done with Generation 497 with best=5819 fitness=276
Done with Generation 498 with best=5819 fitness=276
Done with Generation 499 with best=5819 fitness=276
Done with Generation 500 with best=5819 fitness=276
Done with Generation 501 with best=5819 fitness=276
Done with Generation 502 with best=5819 fitness=276
Done with Generation 503 with best=5819 fitness=276
Done with Generation 504 with best=5819 fitness=276
Done with Generation 505 with best=5819 fitness=276
Done with Generation 506 with best=5819 fitness=276
Done with Generation 507 with best=5819 fitness=276
Done with Generation 508 with best=5819 fitness=276
Done with Generation 509 with best=5819 fitness=276
Done with Generation 510 with best=5819 fitness=276
Done with Generation 511 with best=5819 fitness=276
Done with Generation 512 with best=5819 fitness=276
Done with Generation 513 with best=5819 fitness=276
Done with Generation 514 with best=5819 fitness=276
Done with Generation 515 with best=5819 fitness=276
Done with Generation 516 with best=5819 fitness=276
Done with Generation 517 with best=5819 fitness=276
Done with Generation 518 with best=5819 fitness=276
Done with Generation 519 with best=5819 fitness=276
Done with Generation 520 with best=5819 fitness=276
Done with Generation 521 with best=5819 fitness=276
Done with Generation 522 with best=5819 fitness=276
Done with Generation 523 with best=5819 fitness=276
Done with Generation 524 with best=5819 fitness=276
Done with Generation 525 with best=5819 fitness=276
Done with Generation 526 with best=5819 fitness=276
Done with Generation 527 with best=5819 fitness=276
Done with Generation 528 with best=5819 fitness=276
Done with Generation 529 with best=5819 fitness=276
Done with Generation 530 with best=5819 fitness=276
Done with Generation 531 with best=5819 fitness=276
Done with Generation 532 with best=5819 fitness=276
Done with Generation 533 with best=5819 fitness=276
Done with Generation 534 with best=5819 fitness=276
Done with Generation 535 with best=5819 fitness=276
Done with Generation 536 with best=5819 fitness=276
Done with Generation 537 with best=5819 fitness=276
Done with Generation 538 with best=5819 fitness=276
Done with Generation 539 with best=5819 fitness=276
Done with Generation 540 with best=5819 fitness=276
Done with Generation 541 with best=5819 fitness=276
Done with Generation 542 with best=5819 fitness=276
Done with Generation 543 with best=5819 fitness=276
Done with Generation 544 with best=5819 fitness=276
Done with Generation 545 with best=5819 fitness=276
Done with Generation 546 with best=5819 fitness=276
Done with Generation 547 with best=5819 fitness=276
Done with Generation 548 with best=5819 fitness=276
Done with Generation 549 with best=5819 fitness=276
Done with Generation 550 with best=5819 fitness=276
Done with Generation 551 with best=5819 fitness=276
Done with Generation 552 with best=5819 fitness=276
Done with Generation 553 with best=5819 fitness=276
Done with Generation 554 with best=5819 fitness=276
Done with Generation 555 with best=5819 fitness=276
Done with Generation 556 with best=5819 fitness=276
Done with Generation 557 with best=5819 fitness=276
Done with Generation 558 with best=5819 fitness=276
Done with Generation 559 with best=5819 fitness=276
Done with Generation 560 with best=5819 fitness=276
Done with Generation 561 with best=5819 fitness=276
Done with Generation 562 with best=5819 fitness=276
Done with Generation 563 with best=5819 fitness=276
Done with Generation 564 with best=5819 fitness=276
Done with Generation 565 with best=5819 fitness=276
Done with Generation 566 with best=5819 fitness=276
Done with Generation 567 with best=5819 fitness=276
Done with Generation 568 with best=5819 fitness=276
Done with Generation 569 with best=5819 fitness=276
Done with Generation 570 with best=5819 fitness=276
Done with Generation 571 with best=5819 fitness=276
Done with Generation 572 with best=5819 fitness=276
Done with Generation 573 with best=5819 fitness=276
Done with Generation 574 with best=5819 fitness=276
Done with Generation 575 with best=5819 fitness=276
Done with Generation 576 with best=5819 fitness=276
Done with Generation 577 with best=5819 fitness=276
Done with Generation 578 with best=5819 fitness=276
Done with Generation 579 with best=5819 fitness=276
Done with Generation 580 with best=5819 fitness=276
Done with Generation 581 with best=5819 fitness=276
Done with Generation 582 with best=5819 fitness=276
Done with Generation 583 with best=5819 fitness=276
Done with Generation 584 with best=5819 fitness=276
Done with Generation 585 with best=5819 fitness=276
Done with Generation 586 with best=5819 fitness=276
Done with Generation 587 with best=5819 fitness=276
Done with Generation 588 with best=5819 fitness=276
Done with Generation 589 with best=5819 fitness=276
Done with Generation 590 with best=5819 fitness=276
Done with Generation 591 with best=5819 fitness=276
Done with Generation 592 with best=5819 fitness=276
Done with Generation 593 with best=5819 fitness=276
Done with Generation 594 with best=5819 fitness=276
Done with Generation 595 with best=5819 fitness=276
Done with Generation 596 with best=5819 fitness=276
Done with Generation 597 with best=5819 fitness=276
Done with Generation 598 with best=5819 fitness=276
Done with Generation 599 with best=5819 fitness=276
Done with Generation 600 with best=5819 fitness=276
Done with Generation 601 with best=5819 fitness=276
Done with Generation 602 with best=5819 fitness=276
Done with Generation 603 with best=5819 fitness=276
Done with Generation 604 with best=5819 fitness=276
Done with Generation 605 with best=5819 fitness=276
Done with Generation 606 with best=5819 fitness=276
Done with Generation 607 with best=5819 fitness=276
Done with Generation 608 with best=5819 fitness=276
Done with Generation 609 with best=5819 fitness=276
Done with Generation 610 with best=5819 fitness=276
Done with Generation 611 with best=5819 fitness=276
Done with Generation 612 with best=5819 fitness=276
Done with Generation 613 with best=5819 fitness=276
Done with Generation 614 with best=5819 fitness=276
Done with Generation 615 with best=5819 fitness=276
Done with Generation 616 with best=5819 fitness=276
Done with Generation 617 with best=5819 fitness=276
Done with Generation 618 with best=5819 fitness=276
Done with Generation 619 with best=5819 fitness=276
Done with Generation 620 with best=5819 fitness=276
Done with Generation 621 with best=5819 fitness=276
Done with Generation 622 with best=5819 fitness=276
Done with Generation 623 with best=5819 fitness=276
Done with Generation 624 with best=5819 fitness=276
Done with Generation 625 with best=5819 fitness=276
Done with Generation 626 with best=5819 fitness=276
Done with Generation 627 with best=5819 fitness=276
Done with Generation 628 with best=5819 fitness=276
Done with Generation 629 with best=5819 fitness=276
Done with Generation 630 with best=5819 fitness